ERROR - 2022-08-26 19:22:38 --> Error connecting to the database: No se puede establecer una conexión ya que el equipo de destino denegó expresamente dicha conexión.

CRITICAL - 2022-08-26 19:22:38 --> Unable to connect to the database.
Main connection [MySQLi]: No se puede establecer una conexión ya que el equipo de destino denegó expresamente dicha conexión.

#0 C:\Users\user\Desktop\Pre-especializacion\Proyecto Delivery\backend\system\Database\BaseConnection.php(577): CodeIgniter\Database\BaseConnection->initialize()
#1 C:\Users\user\Desktop\Pre-especializacion\Proyecto Delivery\backend\system\Database\BaseBuilder.php(1455): CodeIgniter\Database\BaseConnection->query('SELECT *\nFROM `...', Array, false)
#2 C:\Users\user\Desktop\Pre-especializacion\Proyecto Delivery\backend\system\Model.php(210): CodeIgniter\Database\BaseBuilder->get()
#3 C:\Users\user\Desktop\Pre-especializacion\Proyecto Delivery\backend\system\BaseModel.php(622): CodeIgniter\Model->doFirst()
#4 C:\Users\user\Desktop\Pre-especializacion\Proyecto Delivery\backend\app\Controllers\AuthController.php(32): CodeIgniter\BaseModel->first()
#5 C:\Users\user\Desktop\Pre-especializacion\Proyecto Delivery\backend\system\CodeIgniter.php(825): App\Controllers\AuthController->login()
#6 C:\Users\user\Desktop\Pre-especializacion\Proyecto Delivery\backend\system\CodeIgniter.php(412): CodeIgniter\CodeIgniter->runController(Object(App\Controllers\AuthController))
#7 C:\Users\user\Desktop\Pre-especializacion\Proyecto Delivery\backend\system\CodeIgniter.php(320): CodeIgniter\CodeIgniter->handleRequest(NULL, Object(Config\Cache), false)
#8 C:\Users\user\Desktop\Pre-especializacion\Proyecto Delivery\backend\public\index.php(37): CodeIgniter\CodeIgniter->run()
#9 C:\Users\user\Desktop\Pre-especializacion\Proyecto Delivery\backend\system\Commands\Server\rewrite.php(43): require_once('C:\\Users\\user\\D...')
#10 {main}
CRITICAL - 2022-08-26 18:25:50 --> The action you requested is not allowed.
#0 C:\Users\user\Desktop\Pre-especializacion\Proyecto Delivery\backend\system\HTTP\ResponseTrait.php(709): CodeIgniter\Security\Exceptions\SecurityException::forDisallowedAction()
#1 C:\Users\user\Desktop\Pre-especializacion\Proyecto Delivery\backend\system\HTTP\ResponseTrait.php(699): CodeIgniter\HTTP\Response->dispatchCookies()
#2 C:\Users\user\Desktop\Pre-especializacion\Proyecto Delivery\backend\system\HTTP\ResponseTrait.php(443): CodeIgniter\HTTP\Response->sendCookies()
#3 C:\Users\user\Desktop\Pre-especializacion\Proyecto Delivery\backend\system\CodeIgniter.php(988): CodeIgniter\HTTP\Response->send()
#4 C:\Users\user\Desktop\Pre-especializacion\Proyecto Delivery\backend\system\CodeIgniter.php(451): CodeIgniter\CodeIgniter->sendResponse()
#5 C:\Users\user\Desktop\Pre-especializacion\Proyecto Delivery\backend\system\CodeIgniter.php(320): CodeIgniter\CodeIgniter->handleRequest(NULL, Object(Config\Cache), false)
#6 C:\Users\user\Desktop\Pre-especializacion\Proyecto Delivery\backend\public\index.php(37): CodeIgniter\CodeIgniter->run()
#7 C:\Users\user\Desktop\Pre-especializacion\Proyecto Delivery\backend\system\Commands\Server\rewrite.php(43): require_once('C:\\Users\\user\\D...')
#8 {main}
CRITICAL - 2022-08-26 18:25:50 --> Uncaught CodeIgniter\Security\Exceptions\SecurityException: The action you requested is not allowed. in C:\Users\user\Desktop\Pre-especializacion\Proyecto Delivery\backend\system\HTTP\ResponseTrait.php:709
Stack trace:
#0 C:\Users\user\Desktop\Pre-especializacion\Proyecto Delivery\backend\system\HTTP\ResponseTrait.php(709): CodeIgniter\Security\Exceptions\SecurityException::forDisallowedAction()
#1 C:\Users\user\Desktop\Pre-especializacion\Proyecto Delivery\backend\system\HTTP\ResponseTrait.php(699): CodeIgniter\HTTP\Response->dispatchCookies()
#2 C:\Users\user\Desktop\Pre-especializacion\Proyecto Delivery\backend\system\HTTP\ResponseTrait.php(443): CodeIgniter\HTTP\Response->sendCookies()
#3 C:\Users\user\Desktop\Pre-especializacion\Proyecto Delivery\backend\system\Debug\Exceptions.php(115): CodeIgniter\HTTP\Response->send()
#4 [internal function]: CodeIgniter\Debug\Exceptions->exceptionHandler(Object(CodeIgniter\Security\Exceptions\SecurityException))
#5 {main}
  thrown
#0 [internal function]: CodeIgniter\Debug\Exceptions->shutdownHandler()
#1 {main}
CRITICAL - 2022-08-26 18:29:09 --> The action you requested is not allowed.
#0 C:\Users\user\Desktop\Pre-especializacion\Proyecto Delivery\backend\system\HTTP\ResponseTrait.php(709): CodeIgniter\Security\Exceptions\SecurityException::forDisallowedAction()
#1 C:\Users\user\Desktop\Pre-especializacion\Proyecto Delivery\backend\system\HTTP\ResponseTrait.php(699): CodeIgniter\HTTP\Response->dispatchCookies()
#2 C:\Users\user\Desktop\Pre-especializacion\Proyecto Delivery\backend\system\HTTP\ResponseTrait.php(443): CodeIgniter\HTTP\Response->sendCookies()
#3 C:\Users\user\Desktop\Pre-especializacion\Proyecto Delivery\backend\system\CodeIgniter.php(988): CodeIgniter\HTTP\Response->send()
#4 C:\Users\user\Desktop\Pre-especializacion\Proyecto Delivery\backend\system\CodeIgniter.php(451): CodeIgniter\CodeIgniter->sendResponse()
#5 C:\Users\user\Desktop\Pre-especializacion\Proyecto Delivery\backend\system\CodeIgniter.php(320): CodeIgniter\CodeIgniter->handleRequest(NULL, Object(Config\Cache), false)
#6 C:\Users\user\Desktop\Pre-especializacion\Proyecto Delivery\backend\public\index.php(37): CodeIgniter\CodeIgniter->run()
#7 C:\Users\user\Desktop\Pre-especializacion\Proyecto Delivery\backend\system\Commands\Server\rewrite.php(43): require_once('C:\\Users\\user\\D...')
#8 {main}
CRITICAL - 2022-08-26 18:29:09 --> Uncaught CodeIgniter\Security\Exceptions\SecurityException: The action you requested is not allowed. in C:\Users\user\Desktop\Pre-especializacion\Proyecto Delivery\backend\system\HTTP\ResponseTrait.php:709
Stack trace:
#0 C:\Users\user\Desktop\Pre-especializacion\Proyecto Delivery\backend\system\HTTP\ResponseTrait.php(709): CodeIgniter\Security\Exceptions\SecurityException::forDisallowedAction()
#1 C:\Users\user\Desktop\Pre-especializacion\Proyecto Delivery\backend\system\HTTP\ResponseTrait.php(699): CodeIgniter\HTTP\Response->dispatchCookies()
#2 C:\Users\user\Desktop\Pre-especializacion\Proyecto Delivery\backend\system\HTTP\ResponseTrait.php(443): CodeIgniter\HTTP\Response->sendCookies()
#3 C:\Users\user\Desktop\Pre-especializacion\Proyecto Delivery\backend\system\Debug\Exceptions.php(115): CodeIgniter\HTTP\Response->send()
#4 [internal function]: CodeIgniter\Debug\Exceptions->exceptionHandler(Object(CodeIgniter\Security\Exceptions\SecurityException))
#5 {main}
  thrown
#0 [internal function]: CodeIgniter\Debug\Exceptions->shutdownHandler()
#1 {main}
CRITICAL - 2022-08-26 18:34:07 --> The action you requested is not allowed.
#0 C:\Users\user\Desktop\Pre-especializacion\Proyecto Delivery\backend\system\HTTP\ResponseTrait.php(709): CodeIgniter\Security\Exceptions\SecurityException::forDisallowedAction()
#1 C:\Users\user\Desktop\Pre-especializacion\Proyecto Delivery\backend\system\HTTP\ResponseTrait.php(699): CodeIgniter\HTTP\Response->dispatchCookies()
#2 C:\Users\user\Desktop\Pre-especializacion\Proyecto Delivery\backend\system\HTTP\ResponseTrait.php(443): CodeIgniter\HTTP\Response->sendCookies()
#3 C:\Users\user\Desktop\Pre-especializacion\Proyecto Delivery\backend\system\CodeIgniter.php(988): CodeIgniter\HTTP\Response->send()
#4 C:\Users\user\Desktop\Pre-especializacion\Proyecto Delivery\backend\system\CodeIgniter.php(451): CodeIgniter\CodeIgniter->sendResponse()
#5 C:\Users\user\Desktop\Pre-especializacion\Proyecto Delivery\backend\system\CodeIgniter.php(320): CodeIgniter\CodeIgniter->handleRequest(NULL, Object(Config\Cache), false)
#6 C:\Users\user\Desktop\Pre-especializacion\Proyecto Delivery\backend\public\index.php(37): CodeIgniter\CodeIgniter->run()
#7 C:\Users\user\Desktop\Pre-especializacion\Proyecto Delivery\backend\system\Commands\Server\rewrite.php(43): require_once('C:\\Users\\user\\D...')
#8 {main}
CRITICAL - 2022-08-26 18:34:07 --> Uncaught CodeIgniter\Security\Exceptions\SecurityException: The action you requested is not allowed. in C:\Users\user\Desktop\Pre-especializacion\Proyecto Delivery\backend\system\HTTP\ResponseTrait.php:709
Stack trace:
#0 C:\Users\user\Desktop\Pre-especializacion\Proyecto Delivery\backend\system\HTTP\ResponseTrait.php(709): CodeIgniter\Security\Exceptions\SecurityException::forDisallowedAction()
#1 C:\Users\user\Desktop\Pre-especializacion\Proyecto Delivery\backend\system\HTTP\ResponseTrait.php(699): CodeIgniter\HTTP\Response->dispatchCookies()
#2 C:\Users\user\Desktop\Pre-especializacion\Proyecto Delivery\backend\system\HTTP\ResponseTrait.php(443): CodeIgniter\HTTP\Response->sendCookies()
#3 C:\Users\user\Desktop\Pre-especializacion\Proyecto Delivery\backend\system\Debug\Exceptions.php(115): CodeIgniter\HTTP\Response->send()
#4 [internal function]: CodeIgniter\Debug\Exceptions->exceptionHandler(Object(CodeIgniter\Security\Exceptions\SecurityException))
#5 {main}
  thrown
#0 [internal function]: CodeIgniter\Debug\Exceptions->shutdownHandler()
#1 {main}
CRITICAL - 2022-08-26 18:35:10 --> The action you requested is not allowed.
#0 C:\Users\user\Desktop\Pre-especializacion\Proyecto Delivery\backend\system\HTTP\ResponseTrait.php(709): CodeIgniter\Security\Exceptions\SecurityException::forDisallowedAction()
#1 C:\Users\user\Desktop\Pre-especializacion\Proyecto Delivery\backend\system\HTTP\ResponseTrait.php(699): CodeIgniter\HTTP\Response->dispatchCookies()
#2 C:\Users\user\Desktop\Pre-especializacion\Proyecto Delivery\backend\system\HTTP\ResponseTrait.php(443): CodeIgniter\HTTP\Response->sendCookies()
#3 C:\Users\user\Desktop\Pre-especializacion\Proyecto Delivery\backend\system\CodeIgniter.php(988): CodeIgniter\HTTP\Response->send()
#4 C:\Users\user\Desktop\Pre-especializacion\Proyecto Delivery\backend\system\CodeIgniter.php(451): CodeIgniter\CodeIgniter->sendResponse()
#5 C:\Users\user\Desktop\Pre-especializacion\Proyecto Delivery\backend\system\CodeIgniter.php(320): CodeIgniter\CodeIgniter->handleRequest(NULL, Object(Config\Cache), false)
#6 C:\Users\user\Desktop\Pre-especializacion\Proyecto Delivery\backend\public\index.php(37): CodeIgniter\CodeIgniter->run()
#7 C:\Users\user\Desktop\Pre-especializacion\Proyecto Delivery\backend\system\Commands\Server\rewrite.php(43): require_once('C:\\Users\\user\\D...')
#8 {main}
CRITICAL - 2022-08-26 18:35:10 --> Uncaught CodeIgniter\Security\Exceptions\SecurityException: The action you requested is not allowed. in C:\Users\user\Desktop\Pre-especializacion\Proyecto Delivery\backend\system\HTTP\ResponseTrait.php:709
Stack trace:
#0 C:\Users\user\Desktop\Pre-especializacion\Proyecto Delivery\backend\system\HTTP\ResponseTrait.php(709): CodeIgniter\Security\Exceptions\SecurityException::forDisallowedAction()
#1 C:\Users\user\Desktop\Pre-especializacion\Proyecto Delivery\backend\system\HTTP\ResponseTrait.php(699): CodeIgniter\HTTP\Response->dispatchCookies()
#2 C:\Users\user\Desktop\Pre-especializacion\Proyecto Delivery\backend\system\HTTP\ResponseTrait.php(443): CodeIgniter\HTTP\Response->sendCookies()
#3 C:\Users\user\Desktop\Pre-especializacion\Proyecto Delivery\backend\system\Debug\Exceptions.php(115): CodeIgniter\HTTP\Response->send()
#4 [internal function]: CodeIgniter\Debug\Exceptions->exceptionHandler(Object(CodeIgniter\Security\Exceptions\SecurityException))
#5 {main}
  thrown
#0 [internal function]: CodeIgniter\Debug\Exceptions->shutdownHandler()
#1 {main}
