CRITICAL - 2022-09-01 10:38:15 --> Call to a member function helper() on null
#0 C:\Users\user\Desktop\Pre-especializacion\Proyecto Delivery\backend\system\CodeIgniter.php(802): App\Controllers\AuthController->__construct()
#1 C:\Users\user\Desktop\Pre-especializacion\Proyecto Delivery\backend\system\CodeIgniter.php(403): CodeIgniter\CodeIgniter->createController()
#2 C:\Users\user\Desktop\Pre-especializacion\Proyecto Delivery\backend\system\CodeIgniter.php(320): CodeIgniter\CodeIgniter->handleRequest(NULL, Object(Config\Cache), false)
#3 C:\Users\user\Desktop\Pre-especializacion\Proyecto Delivery\backend\public\index.php(37): CodeIgniter\CodeIgniter->run()
#4 C:\Users\user\Desktop\Pre-especializacion\Proyecto Delivery\backend\system\Commands\Server\rewrite.php(43): require_once('C:\\Users\\user\\D...')
#5 {main}
CRITICAL - 2022-09-01 10:39:41 --> Call to a member function helper() on null
#0 C:\Users\user\Desktop\Pre-especializacion\Proyecto Delivery\backend\system\CodeIgniter.php(802): App\Controllers\AuthController->__construct()
#1 C:\Users\user\Desktop\Pre-especializacion\Proyecto Delivery\backend\system\CodeIgniter.php(403): CodeIgniter\CodeIgniter->createController()
#2 C:\Users\user\Desktop\Pre-especializacion\Proyecto Delivery\backend\system\CodeIgniter.php(320): CodeIgniter\CodeIgniter->handleRequest(NULL, Object(Config\Cache), false)
#3 C:\Users\user\Desktop\Pre-especializacion\Proyecto Delivery\backend\public\index.php(37): CodeIgniter\CodeIgniter->run()
#4 C:\Users\user\Desktop\Pre-especializacion\Proyecto Delivery\backend\system\Commands\Server\rewrite.php(43): require_once('C:\\Users\\user\\D...')
#5 {main}
CRITICAL - 2022-09-01 10:32:57 --> Call to a member function helper() on null
#0 C:\Users\user\Desktop\Pre-especializacion\Proyecto Delivery\backend\system\CodeIgniter.php(825): App\Controllers\AuthController->login()
#1 C:\Users\user\Desktop\Pre-especializacion\Proyecto Delivery\backend\system\CodeIgniter.php(412): CodeIgniter\CodeIgniter->runController(Object(App\Controllers\AuthController))
#2 C:\Users\user\Desktop\Pre-especializacion\Proyecto Delivery\backend\system\CodeIgniter.php(320): CodeIgniter\CodeIgniter->handleRequest(NULL, Object(Config\Cache), false)
#3 C:\Users\user\Desktop\Pre-especializacion\Proyecto Delivery\backend\public\index.php(37): CodeIgniter\CodeIgniter->run()
#4 C:\Users\user\Desktop\Pre-especializacion\Proyecto Delivery\backend\system\Commands\Server\rewrite.php(43): require_once('C:\\Users\\user\\D...')
#5 {main}
CRITICAL - 2022-09-01 10:33:44 --> Call to a member function helper() on null
#0 C:\Users\user\Desktop\Pre-especializacion\Proyecto Delivery\backend\system\CodeIgniter.php(825): App\Controllers\AuthController->login()
#1 C:\Users\user\Desktop\Pre-especializacion\Proyecto Delivery\backend\system\CodeIgniter.php(412): CodeIgniter\CodeIgniter->runController(Object(App\Controllers\AuthController))
#2 C:\Users\user\Desktop\Pre-especializacion\Proyecto Delivery\backend\system\CodeIgniter.php(320): CodeIgniter\CodeIgniter->handleRequest(NULL, Object(Config\Cache), false)
#3 C:\Users\user\Desktop\Pre-especializacion\Proyecto Delivery\backend\public\index.php(37): CodeIgniter\CodeIgniter->run()
#4 C:\Users\user\Desktop\Pre-especializacion\Proyecto Delivery\backend\system\Commands\Server\rewrite.php(43): require_once('C:\\Users\\user\\D...')
#5 {main}
