ERROR - 2022-08-21 10:49:33 --> Table 'delibery.categoria' doesn't exist
CRITICAL - 2022-08-21 10:49:34 --> Call to a member function getResult() on bool
#0 C:\Users\user\Desktop\Pre-especializacion\Proyecto Delivery\backend\app\Controllers\API\Tienda.php(24): App\Models\TiendaModel->listaTiendas()
#1 C:\Users\user\Desktop\Pre-especializacion\Proyecto Delivery\backend\system\CodeIgniter.php(825): App\Controllers\API\Tienda->index()
#2 C:\Users\user\Desktop\Pre-especializacion\Proyecto Delivery\backend\system\CodeIgniter.php(412): CodeIgniter\CodeIgniter->runController(Object(App\Controllers\API\Tienda))
#3 C:\Users\user\Desktop\Pre-especializacion\Proyecto Delivery\backend\system\CodeIgniter.php(320): CodeIgniter\CodeIgniter->handleRequest(NULL, Object(Config\Cache), false)
#4 C:\Users\user\Desktop\Pre-especializacion\Proyecto Delivery\backend\public\index.php(37): CodeIgniter\CodeIgniter->run()
#5 C:\Users\user\Desktop\Pre-especializacion\Proyecto Delivery\backend\system\Commands\Server\rewrite.php(43): require_once('C:\\Users\\user\\D...')
#6 {main}
ERROR - 2022-08-21 10:50:28 --> Table 'delibery.categoria' doesn't exist
CRITICAL - 2022-08-21 10:50:28 --> Call to a member function getResult() on bool
#0 C:\Users\user\Desktop\Pre-especializacion\Proyecto Delivery\backend\app\Controllers\API\Tienda.php(24): App\Models\TiendaModel->listaTiendas()
#1 C:\Users\user\Desktop\Pre-especializacion\Proyecto Delivery\backend\system\CodeIgniter.php(825): App\Controllers\API\Tienda->index()
#2 C:\Users\user\Desktop\Pre-especializacion\Proyecto Delivery\backend\system\CodeIgniter.php(412): CodeIgniter\CodeIgniter->runController(Object(App\Controllers\API\Tienda))
#3 C:\Users\user\Desktop\Pre-especializacion\Proyecto Delivery\backend\system\CodeIgniter.php(320): CodeIgniter\CodeIgniter->handleRequest(NULL, Object(Config\Cache), false)
#4 C:\Users\user\Desktop\Pre-especializacion\Proyecto Delivery\backend\public\index.php(37): CodeIgniter\CodeIgniter->run()
#5 C:\Users\user\Desktop\Pre-especializacion\Proyecto Delivery\backend\system\Commands\Server\rewrite.php(43): require_once('C:\\Users\\user\\D...')
#6 {main}
ERROR - 2022-08-21 10:53:57 --> Table 'delibery.categoria' doesn't exist
CRITICAL - 2022-08-21 10:53:57 --> Call to a member function getResult() on bool
#0 C:\Users\user\Desktop\Pre-especializacion\Proyecto Delivery\backend\app\Controllers\API\Tienda.php(24): App\Models\TiendaModel->listaTiendas()
#1 C:\Users\user\Desktop\Pre-especializacion\Proyecto Delivery\backend\system\CodeIgniter.php(825): App\Controllers\API\Tienda->index()
#2 C:\Users\user\Desktop\Pre-especializacion\Proyecto Delivery\backend\system\CodeIgniter.php(412): CodeIgniter\CodeIgniter->runController(Object(App\Controllers\API\Tienda))
#3 C:\Users\user\Desktop\Pre-especializacion\Proyecto Delivery\backend\system\CodeIgniter.php(320): CodeIgniter\CodeIgniter->handleRequest(NULL, Object(Config\Cache), false)
#4 C:\Users\user\Desktop\Pre-especializacion\Proyecto Delivery\backend\public\index.php(37): CodeIgniter\CodeIgniter->run()
#5 C:\Users\user\Desktop\Pre-especializacion\Proyecto Delivery\backend\system\Commands\Server\rewrite.php(43): require_once('C:\\Users\\user\\D...')
#6 {main}
ERROR - 2022-08-21 10:54:21 --> Table 'delibery.categoria' doesn't exist
CRITICAL - 2022-08-21 10:54:21 --> Call to a member function getResult() on bool
#0 C:\Users\user\Desktop\Pre-especializacion\Proyecto Delivery\backend\app\Controllers\API\Tienda.php(24): App\Models\TiendaModel->listaTiendas()
#1 C:\Users\user\Desktop\Pre-especializacion\Proyecto Delivery\backend\system\CodeIgniter.php(825): App\Controllers\API\Tienda->index()
#2 C:\Users\user\Desktop\Pre-especializacion\Proyecto Delivery\backend\system\CodeIgniter.php(412): CodeIgniter\CodeIgniter->runController(Object(App\Controllers\API\Tienda))
#3 C:\Users\user\Desktop\Pre-especializacion\Proyecto Delivery\backend\system\CodeIgniter.php(320): CodeIgniter\CodeIgniter->handleRequest(NULL, Object(Config\Cache), false)
#4 C:\Users\user\Desktop\Pre-especializacion\Proyecto Delivery\backend\public\index.php(37): CodeIgniter\CodeIgniter->run()
#5 C:\Users\user\Desktop\Pre-especializacion\Proyecto Delivery\backend\system\Commands\Server\rewrite.php(43): require_once('C:\\Users\\user\\D...')
#6 {main}
ERROR - 2022-08-21 10:54:30 --> Table 'delibery.categoria' doesn't exist
CRITICAL - 2022-08-21 10:54:30 --> Call to a member function getResult() on bool
#0 C:\Users\user\Desktop\Pre-especializacion\Proyecto Delivery\backend\app\Controllers\API\Tienda.php(24): App\Models\TiendaModel->listaTiendas()
#1 C:\Users\user\Desktop\Pre-especializacion\Proyecto Delivery\backend\system\CodeIgniter.php(825): App\Controllers\API\Tienda->index()
#2 C:\Users\user\Desktop\Pre-especializacion\Proyecto Delivery\backend\system\CodeIgniter.php(412): CodeIgniter\CodeIgniter->runController(Object(App\Controllers\API\Tienda))
#3 C:\Users\user\Desktop\Pre-especializacion\Proyecto Delivery\backend\system\CodeIgniter.php(320): CodeIgniter\CodeIgniter->handleRequest(NULL, Object(Config\Cache), false)
#4 C:\Users\user\Desktop\Pre-especializacion\Proyecto Delivery\backend\public\index.php(37): CodeIgniter\CodeIgniter->run()
#5 C:\Users\user\Desktop\Pre-especializacion\Proyecto Delivery\backend\system\Commands\Server\rewrite.php(43): require_once('C:\\Users\\user\\D...')
#6 {main}
ERROR - 2022-08-21 10:55:15 --> Table 'delibery.categoria' doesn't exist
CRITICAL - 2022-08-21 10:55:53 --> Call to a member function getResult() on bool
#0 C:\Users\user\Desktop\Pre-especializacion\Proyecto Delivery\backend\app\Controllers\API\Tienda.php(24): App\Models\TiendaModel->listaTiendas()
#1 C:\Users\user\Desktop\Pre-especializacion\Proyecto Delivery\backend\system\CodeIgniter.php(825): App\Controllers\API\Tienda->index()
#2 C:\Users\user\Desktop\Pre-especializacion\Proyecto Delivery\backend\system\CodeIgniter.php(412): CodeIgniter\CodeIgniter->runController(Object(App\Controllers\API\Tienda))
#3 C:\Users\user\Desktop\Pre-especializacion\Proyecto Delivery\backend\system\CodeIgniter.php(320): CodeIgniter\CodeIgniter->handleRequest(NULL, Object(Config\Cache), false)
#4 C:\Users\user\Desktop\Pre-especializacion\Proyecto Delivery\backend\public\index.php(37): CodeIgniter\CodeIgniter->run()
#5 C:\Users\user\Desktop\Pre-especializacion\Proyecto Delivery\backend\system\Commands\Server\rewrite.php(43): require_once('C:\\Users\\user\\D...')
#6 {main}
ERROR - 2022-08-21 10:57:17 --> Table 'delibery.categoria' doesn't exist
CRITICAL - 2022-08-21 10:57:23 --> Call to a member function getResult() on bool
#0 C:\Users\user\Desktop\Pre-especializacion\Proyecto Delivery\backend\app\Controllers\API\Tienda.php(24): App\Models\TiendaModel->listaTiendas()
#1 C:\Users\user\Desktop\Pre-especializacion\Proyecto Delivery\backend\system\CodeIgniter.php(825): App\Controllers\API\Tienda->index()
#2 C:\Users\user\Desktop\Pre-especializacion\Proyecto Delivery\backend\system\CodeIgniter.php(412): CodeIgniter\CodeIgniter->runController(Object(App\Controllers\API\Tienda))
#3 C:\Users\user\Desktop\Pre-especializacion\Proyecto Delivery\backend\system\CodeIgniter.php(320): CodeIgniter\CodeIgniter->handleRequest(NULL, Object(Config\Cache), false)
#4 C:\Users\user\Desktop\Pre-especializacion\Proyecto Delivery\backend\public\index.php(37): CodeIgniter\CodeIgniter->run()
#5 C:\Users\user\Desktop\Pre-especializacion\Proyecto Delivery\backend\system\Commands\Server\rewrite.php(43): require_once('C:\\Users\\user\\D...')
#6 {main}
ERROR - 2022-08-21 10:58:27 --> Table 'delibery.categoria' doesn't exist
CRITICAL - 2022-08-21 10:58:33 --> Call to a member function getResult() on bool
#0 C:\Users\user\Desktop\Pre-especializacion\Proyecto Delivery\backend\app\Controllers\API\Tienda.php(24): App\Models\TiendaModel->listaTiendas()
#1 C:\Users\user\Desktop\Pre-especializacion\Proyecto Delivery\backend\system\CodeIgniter.php(825): App\Controllers\API\Tienda->index()
#2 C:\Users\user\Desktop\Pre-especializacion\Proyecto Delivery\backend\system\CodeIgniter.php(412): CodeIgniter\CodeIgniter->runController(Object(App\Controllers\API\Tienda))
#3 C:\Users\user\Desktop\Pre-especializacion\Proyecto Delivery\backend\system\CodeIgniter.php(320): CodeIgniter\CodeIgniter->handleRequest(NULL, Object(Config\Cache), false)
#4 C:\Users\user\Desktop\Pre-especializacion\Proyecto Delivery\backend\public\index.php(37): CodeIgniter\CodeIgniter->run()
#5 C:\Users\user\Desktop\Pre-especializacion\Proyecto Delivery\backend\system\Commands\Server\rewrite.php(43): require_once('C:\\Users\\user\\D...')
#6 {main}
ERROR - 2022-08-21 11:03:53 --> Table 'delibery.categoria' doesn't exist
CRITICAL - 2022-08-21 11:04:13 --> Call to a member function getResult() on bool
#0 C:\Users\user\Desktop\Pre-especializacion\Proyecto Delivery\backend\app\Controllers\API\Tienda.php(24): App\Models\TiendaModel->listaTiendas()
#1 C:\Users\user\Desktop\Pre-especializacion\Proyecto Delivery\backend\system\CodeIgniter.php(825): App\Controllers\API\Tienda->index()
#2 C:\Users\user\Desktop\Pre-especializacion\Proyecto Delivery\backend\system\CodeIgniter.php(412): CodeIgniter\CodeIgniter->runController(Object(App\Controllers\API\Tienda))
#3 C:\Users\user\Desktop\Pre-especializacion\Proyecto Delivery\backend\system\CodeIgniter.php(320): CodeIgniter\CodeIgniter->handleRequest(NULL, Object(Config\Cache), false)
#4 C:\Users\user\Desktop\Pre-especializacion\Proyecto Delivery\backend\public\index.php(37): CodeIgniter\CodeIgniter->run()
#5 C:\Users\user\Desktop\Pre-especializacion\Proyecto Delivery\backend\system\Commands\Server\rewrite.php(43): require_once('C:\\Users\\user\\D...')
#6 {main}
