ERROR - 2022-08-30 11:31:03 --> Error connecting to the database: No se puede establecer una conexión ya que el equipo de destino denegó expresamente dicha conexión.

CRITICAL - 2022-08-30 11:31:03 --> Unable to connect to the database.
Main connection [MySQLi]: No se puede establecer una conexión ya que el equipo de destino denegó expresamente dicha conexión.

#0 C:\Users\user\Desktop\Pre-especializacion\Proyecto Delivery\backend\system\Database\BaseConnection.php(577): CodeIgniter\Database\BaseConnection->initialize()
#1 C:\Users\user\Desktop\Pre-especializacion\Proyecto Delivery\backend\system\Database\BaseBuilder.php(1455): CodeIgniter\Database\BaseConnection->query('SELECT *\nFROM `...', Array, false)
#2 C:\Users\user\Desktop\Pre-especializacion\Proyecto Delivery\backend\system\Model.php(210): CodeIgniter\Database\BaseBuilder->get()
#3 C:\Users\user\Desktop\Pre-especializacion\Proyecto Delivery\backend\system\BaseModel.php(622): CodeIgniter\Model->doFirst()
#4 C:\Users\user\Desktop\Pre-especializacion\Proyecto Delivery\backend\app\Controllers\AuthController.php(32): CodeIgniter\BaseModel->first()
#5 C:\Users\user\Desktop\Pre-especializacion\Proyecto Delivery\backend\system\CodeIgniter.php(825): App\Controllers\AuthController->login()
#6 C:\Users\user\Desktop\Pre-especializacion\Proyecto Delivery\backend\system\CodeIgniter.php(412): CodeIgniter\CodeIgniter->runController(Object(App\Controllers\AuthController))
#7 C:\Users\user\Desktop\Pre-especializacion\Proyecto Delivery\backend\system\CodeIgniter.php(320): CodeIgniter\CodeIgniter->handleRequest(NULL, Object(Config\Cache), false)
#8 C:\Users\user\Desktop\Pre-especializacion\Proyecto Delivery\backend\public\index.php(37): CodeIgniter\CodeIgniter->run()
#9 C:\Users\user\Desktop\Pre-especializacion\Proyecto Delivery\backend\system\Commands\Server\rewrite.php(43): require_once('C:\\Users\\user\\D...')
#10 {main}
CRITICAL - 2022-08-30 12:47:26 --> Call to a member function helper() on null
#0 C:\Users\user\Desktop\Pre-especializacion\Proyecto Delivery\backend\system\CodeIgniter.php(802): App\Controllers\AuthController->__construct()
#1 C:\Users\user\Desktop\Pre-especializacion\Proyecto Delivery\backend\system\CodeIgniter.php(403): CodeIgniter\CodeIgniter->createController()
#2 C:\Users\user\Desktop\Pre-especializacion\Proyecto Delivery\backend\system\CodeIgniter.php(320): CodeIgniter\CodeIgniter->handleRequest(NULL, Object(Config\Cache), false)
#3 C:\Users\user\Desktop\Pre-especializacion\Proyecto Delivery\backend\public\index.php(37): CodeIgniter\CodeIgniter->run()
#4 C:\Users\user\Desktop\Pre-especializacion\Proyecto Delivery\backend\system\Commands\Server\rewrite.php(43): require_once('C:\\Users\\user\\D...')
#5 {main}
CRITICAL - 2022-08-30 12:47:41 --> Call to a member function helper() on null
#0 C:\Users\user\Desktop\Pre-especializacion\Proyecto Delivery\backend\system\CodeIgniter.php(802): App\Controllers\AuthController->__construct()
#1 C:\Users\user\Desktop\Pre-especializacion\Proyecto Delivery\backend\system\CodeIgniter.php(403): CodeIgniter\CodeIgniter->createController()
#2 C:\Users\user\Desktop\Pre-especializacion\Proyecto Delivery\backend\system\CodeIgniter.php(320): CodeIgniter\CodeIgniter->handleRequest(NULL, Object(Config\Cache), false)
#3 C:\Users\user\Desktop\Pre-especializacion\Proyecto Delivery\backend\public\index.php(37): CodeIgniter\CodeIgniter->run()
#4 C:\Users\user\Desktop\Pre-especializacion\Proyecto Delivery\backend\system\Commands\Server\rewrite.php(43): require_once('C:\\Users\\user\\D...')
#5 {main}
CRITICAL - 2022-08-30 12:47:44 --> Call to a member function helper() on null
#0 C:\Users\user\Desktop\Pre-especializacion\Proyecto Delivery\backend\system\CodeIgniter.php(802): App\Controllers\AuthController->__construct()
#1 C:\Users\user\Desktop\Pre-especializacion\Proyecto Delivery\backend\system\CodeIgniter.php(403): CodeIgniter\CodeIgniter->createController()
#2 C:\Users\user\Desktop\Pre-especializacion\Proyecto Delivery\backend\system\CodeIgniter.php(320): CodeIgniter\CodeIgniter->handleRequest(NULL, Object(Config\Cache), false)
#3 C:\Users\user\Desktop\Pre-especializacion\Proyecto Delivery\backend\public\index.php(37): CodeIgniter\CodeIgniter->run()
#4 C:\Users\user\Desktop\Pre-especializacion\Proyecto Delivery\backend\system\Commands\Server\rewrite.php(43): require_once('C:\\Users\\user\\D...')
#5 {main}
CRITICAL - 2022-08-30 12:47:45 --> Call to a member function helper() on null
#0 C:\Users\user\Desktop\Pre-especializacion\Proyecto Delivery\backend\system\CodeIgniter.php(802): App\Controllers\AuthController->__construct()
#1 C:\Users\user\Desktop\Pre-especializacion\Proyecto Delivery\backend\system\CodeIgniter.php(403): CodeIgniter\CodeIgniter->createController()
#2 C:\Users\user\Desktop\Pre-especializacion\Proyecto Delivery\backend\system\CodeIgniter.php(320): CodeIgniter\CodeIgniter->handleRequest(NULL, Object(Config\Cache), false)
#3 C:\Users\user\Desktop\Pre-especializacion\Proyecto Delivery\backend\public\index.php(37): CodeIgniter\CodeIgniter->run()
#4 C:\Users\user\Desktop\Pre-especializacion\Proyecto Delivery\backend\system\Commands\Server\rewrite.php(43): require_once('C:\\Users\\user\\D...')
#5 {main}
CRITICAL - 2022-08-30 12:47:46 --> Call to a member function helper() on null
#0 C:\Users\user\Desktop\Pre-especializacion\Proyecto Delivery\backend\system\CodeIgniter.php(802): App\Controllers\AuthController->__construct()
#1 C:\Users\user\Desktop\Pre-especializacion\Proyecto Delivery\backend\system\CodeIgniter.php(403): CodeIgniter\CodeIgniter->createController()
#2 C:\Users\user\Desktop\Pre-especializacion\Proyecto Delivery\backend\system\CodeIgniter.php(320): CodeIgniter\CodeIgniter->handleRequest(NULL, Object(Config\Cache), false)
#3 C:\Users\user\Desktop\Pre-especializacion\Proyecto Delivery\backend\public\index.php(37): CodeIgniter\CodeIgniter->run()
#4 C:\Users\user\Desktop\Pre-especializacion\Proyecto Delivery\backend\system\Commands\Server\rewrite.php(43): require_once('C:\\Users\\user\\D...')
#5 {main}
CRITICAL - 2022-08-30 12:48:41 --> Call to a member function helper() on null
#0 C:\Users\user\Desktop\Pre-especializacion\Proyecto Delivery\backend\system\CodeIgniter.php(802): App\Controllers\AuthController->__construct()
#1 C:\Users\user\Desktop\Pre-especializacion\Proyecto Delivery\backend\system\CodeIgniter.php(403): CodeIgniter\CodeIgniter->createController()
#2 C:\Users\user\Desktop\Pre-especializacion\Proyecto Delivery\backend\system\CodeIgniter.php(320): CodeIgniter\CodeIgniter->handleRequest(NULL, Object(Config\Cache), false)
#3 C:\Users\user\Desktop\Pre-especializacion\Proyecto Delivery\backend\public\index.php(37): CodeIgniter\CodeIgniter->run()
#4 C:\Users\user\Desktop\Pre-especializacion\Proyecto Delivery\backend\system\Commands\Server\rewrite.php(43): require_once('C:\\Users\\user\\D...')
#5 {main}
CRITICAL - 2022-08-30 11:49:47 --> Call to undefined function App\Controllers\set_cookie()
#0 C:\Users\user\Desktop\Pre-especializacion\Proyecto Delivery\backend\system\CodeIgniter.php(825): App\Controllers\AuthController->login()
#1 C:\Users\user\Desktop\Pre-especializacion\Proyecto Delivery\backend\system\CodeIgniter.php(412): CodeIgniter\CodeIgniter->runController(Object(App\Controllers\AuthController))
#2 C:\Users\user\Desktop\Pre-especializacion\Proyecto Delivery\backend\system\CodeIgniter.php(320): CodeIgniter\CodeIgniter->handleRequest(NULL, Object(Config\Cache), false)
#3 C:\Users\user\Desktop\Pre-especializacion\Proyecto Delivery\backend\public\index.php(37): CodeIgniter\CodeIgniter->run()
#4 C:\Users\user\Desktop\Pre-especializacion\Proyecto Delivery\backend\system\Commands\Server\rewrite.php(43): require_once('C:\\Users\\user\\D...')
#5 {main}
CRITICAL - 2022-08-30 13:39:52 --> Call to undefined function App\Controllers\set_cookie()
#0 C:\Users\user\Desktop\Pre-especializacion\Proyecto Delivery\backend\system\CodeIgniter.php(825): App\Controllers\AuthController->login()
#1 C:\Users\user\Desktop\Pre-especializacion\Proyecto Delivery\backend\system\CodeIgniter.php(412): CodeIgniter\CodeIgniter->runController(Object(App\Controllers\AuthController))
#2 C:\Users\user\Desktop\Pre-especializacion\Proyecto Delivery\backend\system\CodeIgniter.php(320): CodeIgniter\CodeIgniter->handleRequest(NULL, Object(Config\Cache), false)
#3 C:\Users\user\Desktop\Pre-especializacion\Proyecto Delivery\backend\public\index.php(37): CodeIgniter\CodeIgniter->run()
#4 C:\Users\user\Desktop\Pre-especializacion\Proyecto Delivery\backend\system\Commands\Server\rewrite.php(43): require_once('C:\\Users\\user\\D...')
#5 {main}
CRITICAL - 2022-08-30 13:42:53 --> Call to undefined function App\Controllers\set_cookie()
#0 C:\Users\user\Desktop\Pre-especializacion\Proyecto Delivery\backend\system\CodeIgniter.php(825): App\Controllers\AuthController->login()
#1 C:\Users\user\Desktop\Pre-especializacion\Proyecto Delivery\backend\system\CodeIgniter.php(412): CodeIgniter\CodeIgniter->runController(Object(App\Controllers\AuthController))
#2 C:\Users\user\Desktop\Pre-especializacion\Proyecto Delivery\backend\system\CodeIgniter.php(320): CodeIgniter\CodeIgniter->handleRequest(NULL, Object(Config\Cache), false)
#3 C:\Users\user\Desktop\Pre-especializacion\Proyecto Delivery\backend\public\index.php(37): CodeIgniter\CodeIgniter->run()
#4 C:\Users\user\Desktop\Pre-especializacion\Proyecto Delivery\backend\system\Commands\Server\rewrite.php(43): require_once('C:\\Users\\user\\D...')
#5 {main}
CRITICAL - 2022-08-30 13:43:46 --> Call to undefined function App\Controllers\set_cookie()
#0 C:\Users\user\Desktop\Pre-especializacion\Proyecto Delivery\backend\system\CodeIgniter.php(825): App\Controllers\AuthController->login()
#1 C:\Users\user\Desktop\Pre-especializacion\Proyecto Delivery\backend\system\CodeIgniter.php(412): CodeIgniter\CodeIgniter->runController(Object(App\Controllers\AuthController))
#2 C:\Users\user\Desktop\Pre-especializacion\Proyecto Delivery\backend\system\CodeIgniter.php(320): CodeIgniter\CodeIgniter->handleRequest(NULL, Object(Config\Cache), false)
#3 C:\Users\user\Desktop\Pre-especializacion\Proyecto Delivery\backend\public\index.php(37): CodeIgniter\CodeIgniter->run()
#4 C:\Users\user\Desktop\Pre-especializacion\Proyecto Delivery\backend\system\Commands\Server\rewrite.php(43): require_once('C:\\Users\\user\\D...')
#5 {main}
